youme_voice_engine/platforms/Android/java_bak/build/intermediates/manifest_merge_blame_file/release/manifest-merger-blame-release-report.txt
1<?xml version="1.0" encoding="utf-8"?>
2<manifest xmlns:android="http://schemas.android.com/apk/res/android"
3    package="com.youme.voiceengine"
4    android:versionCode="1"
5    android:versionName="1.0" >
6
7    <uses-sdk
7-->cocos2d-x/java/AndroidManifest.xml:17:5-19:41
8        android:minSdkVersion="16"
8-->cocos2d-x/java/AndroidManifest.xml:18:9-34
9        android:targetSdkVersion="28" />
9-->cocos2d-x/java/AndroidManifest.xml:19:9-38
10
11    <uses-permission android:name="android.permission.ACCESS_NETWORK_STATE" />
11-->cocos2d-x/java/AndroidManifest.xml:7:5-78
11-->cocos2d-x/java/AndroidManifest.xml:7:22-76
12    <uses-permission android:name="android.permission.INTERNET" />
12-->cocos2d-x/java/AndroidManifest.xml:8:5-67
12-->cocos2d-x/java/AndroidManifest.xml:8:22-64
13    <uses-permission android:name="android.permission.READ_LOGS" />
13-->cocos2d-x/java/AndroidManifest.xml:9:2-65
13-->cocos2d-x/java/AndroidManifest.xml:9:19-62
14
15    <!-- video -->
16    <uses-feature android:name="android.hardware.camera" />
16-->cocos2d-x/java/AndroidManifest.xml:12:5-60
16-->cocos2d-x/java/AndroidManifest.xml:12:19-57
17    <uses-feature android:name="android.hardware.camera.autofocus" />
17-->cocos2d-x/java/AndroidManifest.xml:13:5-70
17-->cocos2d-x/java/AndroidManifest.xml:13:19-67
18
19    <uses-permission android:name="android.permission.CAMERA" />
19-->cocos2d-x/java/AndroidManifest.xml:14:5-65
19-->cocos2d-x/java/AndroidManifest.xml:14:22-62
20    <uses-permission android:name="android.permission.CAPTURE_VIDEO_OUTPUT" />
20-->cocos2d-x/java/AndroidManifest.xml:15:5-79
20-->cocos2d-x/java/AndroidManifest.xml:15:22-76
21
22    <application
22-->cocos2d-x/java/AndroidManifest.xml:21:5-34:19
23        android:allowBackup="true"
23-->cocos2d-x/java/AndroidManifest.xml:22:9-35
24        android:icon="@drawable/ic_launcher"
24-->cocos2d-x/java/AndroidManifest.xml:23:9-45
25        android:label="@string/app_name" >
25-->cocos2d-x/java/AndroidManifest.xml:24:9-41
26        <activity
26-->cocos2d-x/java/AndroidManifest.xml:25:9-33:20
27            android:name="com.youme.voiceengine.MainActivity"
27-->cocos2d-x/java/AndroidManifest.xml:26:13-62
28            android:label="@string/app_name" >
28-->cocos2d-x/java/AndroidManifest.xml:27:13-45
29            <intent-filter>
29-->cocos2d-x/java/AndroidManifest.xml:28:13-32:29
30                <action android:name="android.intent.action.MAIN" />
30-->cocos2d-x/java/AndroidManifest.xml:29:17-69
30-->cocos2d-x/java/AndroidManifest.xml:29:25-66
31
32                <category android:name="android.intent.category.LAUNCHER" />
32-->cocos2d-x/java/AndroidManifest.xml:31:17-77
32-->cocos2d-x/java/AndroidManifest.xml:31:27-74
33            </intent-filter>
34        </activity>
35    </application>
36
37</manifest>